Build started 3/13/2014 12:11:22 PM.
     1>Project "C:\Users\Jazmin\Documents\Visual Studio 2010\Projects\StaticDynamicVectors\StaticDynamicVectors\StaticDynamicVectors.vcxproj" on node 2 (build target(s)).
     1>InitializeBuildStatus:
         Creating "Debug\StaticDynamicVectors.unsuccessfulbuild" because "AlwaysCreate" was specified.
       ClCompile:
         c:\Program Files (x86)\Microsoft Visual Studio 10.0\VC\bin\CL.exe /c /ZI /nologo /W3 /WX- /Od /Oy- /D WIN32 /D _DEBUG /D _CONSOLE /D _UNICODE /D UNICODE /Gm /EHsc /RTC1 /MDd /GS /fp:precise /Zc:wchar_t /Zc:forScope /Fo"Debug\\" /Fd"Debug\vc100.pdb" /Gd /TP /analyze- /errorReport:prompt main.cpp
         main.cpp
     1>c:\users\jazmin\documents\visual studio 2010\projects\staticdynamicvectors\staticdynamicvectors\main.cpp(68): warning C4018: '<' : signed/unsigned mismatch
       ManifestResourceCompile:
         All outputs are up-to-date.
       Link:
         c:\Program Files (x86)\Microsoft Visual Studio 10.0\VC\bin\link.exe /ERRORREPORT:PROMPT /OUT:"C:\Users\Jazmin\Documents\Visual Studio 2010\Projects\StaticDynamicVectors\Debug\StaticDynamicVectors.exe" /INCREMENTAL /NOLOGO kernel32.lib user32.lib gdi32.lib winspool.lib comdlg32.lib advapi32.lib shell32.lib ole32.lib oleaut32.lib uuid.lib odbc32.lib odbccp32.lib /MANIFEST /ManifestFile:"Debug\StaticDynamicVectors.exe.intermediate.manifest" /MANIFESTUAC:"level='asInvoker' uiAccess='false'" /DEBUG /PDB:"C:\Users\Jazmin\Documents\Visual Studio 2010\Projects\StaticDynamicVectors\Debug\StaticDynamicVectors.pdb" /SUBSYSTEM:CONSOLE /TLBID:1 /DYNAMICBASE /NXCOMPAT /IMPLIB:"C:\Users\Jazmin\Documents\Visual Studio 2010\Projects\StaticDynamicVectors\Debug\StaticDynamicVectors.lib" /MACHINE:X86 Debug\StaticDynamicVectors.exe.embed.manifest.res
         Debug\main.obj
       Manifest:
         C:\Program Files (x86)\Microsoft SDKs\Windows\v7.0A\bin\mt.exe /nologo /verbose /out:"Debug\StaticDynamicVectors.exe.embed.manifest" /manifest Debug\StaticDynamicVectors.exe.intermediate.manifest
         All outputs are up-to-date.
       LinkEmbedManifest:
         All outputs are up-to-date.
         StaticDynamicVectors.vcxproj -> C:\Users\Jazmin\Documents\Visual Studio 2010\Projects\StaticDynamicVectors\Debug\StaticDynamicVectors.exe
       FinalizeBuildStatus:
         Deleting file "Debug\StaticDynamicVectors.unsuccessfulbuild".
         Touching "Debug\StaticDynamicVectors.lastbuildstate".
     1>Done Building Project "C:\Users\Jazmin\Documents\Visual Studio 2010\Projects\StaticDynamicVectors\StaticDynamicVectors\StaticDynamicVectors.vcxproj" (build target(s)).

Build succeeded.

Time Elapsed 00:00:00.89
