Build started 4/30/2014 8:16:55 PM.
     1>Project "C:\Users\Jazmin\Documents\Visual Studio 2010\Projects\Midterm\Midterm\Midterm.vcxproj" on node 2 (build target(s)).
     1>InitializeBuildStatus:
         Creating "Debug\Midterm.unsuccessfulbuild" because "AlwaysCreate" was specified.
       ClCompile:
         c:\Program Files (x86)\Microsoft Visual Studio 10.0\VC\bin\CL.exe /c /ZI /nologo /W3 /WX- /Od /Oy- /D WIN32 /D _DEBUG /D _CONSOLE /D _UNICODE /D UNICODE /Gm /EHsc /RTC1 /MDd /GS /fp:precise /Zc:wchar_t /Zc:forScope /Fo"Debug\\" /Fd"Debug\vc100.pdb" /Gd /TP /analyze- /errorReport:prompt main.cpp
         main.cpp
     1>c:\users\jazmin\documents\visual studio 2010\projects\midterm\midterm\main.cpp(147): warning C4996: 'strncpy': This function or variable may be unsafe. Consider using strncpy_s instead. To disable deprecation, use _CRT_SECURE_NO_WARNINGS. See online help for details.
                 c:\program files (x86)\microsoft visual studio 10.0\vc\include\string.h(188) : see declaration of 'strncpy'
     1>c:\users\jazmin\documents\visual studio 2010\projects\midterm\midterm\main.cpp(166): warning C4996: 'strncpy': This function or variable may be unsafe. Consider using strncpy_s instead. To disable deprecation, use _CRT_SECURE_NO_WARNINGS. See online help for details.
                 c:\program files (x86)\microsoft visual studio 10.0\vc\include\string.h(188) : see declaration of 'strncpy'
     1>c:\users\jazmin\documents\visual studio 2010\projects\midterm\midterm\main.cpp(71): warning C4101: 'order' : unreferenced local variable
     1>c:\users\jazmin\documents\visual studio 2010\projects\midterm\midterm\main.cpp(214): warning C4101: 'sp' : unreferenced local variable
     1>c:\users\jazmin\documents\visual studio 2010\projects\midterm\midterm\main.cpp(217): warning C4101: 'ptr2' : unreferenced local variable
     1>c:\users\jazmin\documents\visual studio 2010\projects\midterm\midterm\main.cpp(247): warning C4101: 'address' : unreferenced local variable
       ManifestResourceCompile:
         All outputs are up-to-date.
       Link:
         c:\Program Files (x86)\Microsoft Visual Studio 10.0\VC\bin\link.exe /ERRORREPORT:PROMPT /OUT:"C:\Users\Jazmin\Documents\Visual Studio 2010\Projects\Midterm\Debug\Midterm.exe" /INCREMENTAL /NOLOGO kernel32.lib user32.lib gdi32.lib winspool.lib comdlg32.lib advapi32.lib shell32.lib ole32.lib oleaut32.lib uuid.lib odbc32.lib odbccp32.lib /MANIFEST /ManifestFile:"Debug\Midterm.exe.intermediate.manifest" /MANIFESTUAC:"level='asInvoker' uiAccess='false'" /DEBUG /PDB:"C:\Users\Jazmin\Documents\Visual Studio 2010\Projects\Midterm\Debug\Midterm.pdb" /SUBSYSTEM:CONSOLE /TLBID:1 /DYNAMICBASE /NXCOMPAT /IMPLIB:"C:\Users\Jazmin\Documents\Visual Studio 2010\Projects\Midterm\Debug\Midterm.lib" /MACHINE:X86 Debug\Midterm.exe.embed.manifest.res
         Debug\main.obj
       Manifest:
         C:\Program Files (x86)\Microsoft SDKs\Windows\v7.0A\bin\mt.exe /nologo /verbose /out:"Debug\Midterm.exe.embed.manifest" /manifest Debug\Midterm.exe.intermediate.manifest
         All outputs are up-to-date.
       LinkEmbedManifest:
         All outputs are up-to-date.
         Midterm.vcxproj -> C:\Users\Jazmin\Documents\Visual Studio 2010\Projects\Midterm\Debug\Midterm.exe
       FinalizeBuildStatus:
         Deleting file "Debug\Midterm.unsuccessfulbuild".
         Touching "Debug\Midterm.lastbuildstate".
     1>Done Building Project "C:\Users\Jazmin\Documents\Visual Studio 2010\Projects\Midterm\Midterm\Midterm.vcxproj" (build target(s)).

Build succeeded.

Time Elapsed 00:00:00.96
