Build started 3/3/2014 1:41:45 PM.
     1>Project "c:\Users\Jazmin\documents\visual studio 2010\Projects\ModeHomework\ModeHomework\ModeHomework.vcxproj" on node 2 (build target(s)).
     1>InitializeBuildStatus:
         Creating "Debug\ModeHomework.unsuccessfulbuild" because "AlwaysCreate" was specified.
       ClCompile:
         c:\Program Files (x86)\Microsoft Visual Studio 10.0\VC\bin\CL.exe /c /ZI /nologo /W3 /WX- /Od /Oy- /D WIN32 /D _DEBUG /D _CONSOLE /D _UNICODE /D UNICODE /Gm /EHsc /RTC1 /MDd /GS /fp:precise /Zc:wchar_t /Zc:forScope /Fo"Debug\\" /Fd"Debug\vc100.pdb" /Gd /TP /analyze- /errorReport:prompt main.cpp
         main.cpp
       ManifestResourceCompile:
         All outputs are up-to-date.
       Link:
         c:\Program Files (x86)\Microsoft Visual Studio 10.0\VC\bin\link.exe /ERRORREPORT:PROMPT /OUT:"c:\users\jazmin\documents\visual studio 2010\Projects\ModeHomework\Debug\ModeHomework.exe" /INCREMENTAL /NOLOGO kernel32.lib user32.lib gdi32.lib winspool.lib comdlg32.lib advapi32.lib shell32.lib ole32.lib oleaut32.lib uuid.lib odbc32.lib odbccp32.lib /MANIFEST /ManifestFile:"Debug\ModeHomework.exe.intermediate.manifest" /MANIFESTUAC:"level='asInvoker' uiAccess='false'" /DEBUG /PDB:"c:\users\jazmin\documents\visual studio 2010\Projects\ModeHomework\Debug\ModeHomework.pdb" /SUBSYSTEM:CONSOLE /TLBID:1 /DYNAMICBASE /NXCOMPAT /IMPLIB:"c:\users\jazmin\documents\visual studio 2010\Projects\ModeHomework\Debug\ModeHomework.lib" /MACHINE:X86 Debug\ModeHomework.exe.embed.manifest.res
         Debug\main.obj
       Manifest:
         C:\Program Files (x86)\Microsoft SDKs\Windows\v7.0A\bin\mt.exe /nologo /verbose /out:"Debug\ModeHomework.exe.embed.manifest" /manifest Debug\ModeHomework.exe.intermediate.manifest
         All outputs are up-to-date.
       LinkEmbedManifest:
         All outputs are up-to-date.
         ModeHomework.vcxproj -> c:\users\jazmin\documents\visual studio 2010\Projects\ModeHomework\Debug\ModeHomework.exe
       FinalizeBuildStatus:
         Deleting file "Debug\ModeHomework.unsuccessfulbuild".
         Touching "Debug\ModeHomework.lastbuildstate".
     1>Done Building Project "c:\Users\Jazmin\documents\visual studio 2010\Projects\ModeHomework\ModeHomework\ModeHomework.vcxproj" (build target(s)).

Build succeeded.

Time Elapsed 00:00:01.30
